<?xml version="1.0" encoding="UTF-8"?>
<!-- Generated by org.testng.reporters.JUnitXMLReporter -->
<testsuite ignored="2" hostname="DESKTOP-82OM217" failures="0" tests="1" name="Default test" time="0.832" errors="0" timestamp="2024-10-03T17:46:08 GMT-07:00">
  <testcase classname="testng.module001" name="test001" time="0.083"/>
  <testcase classname="testng.module001" name="test003" time="0.0">
    <ignored/>
  </testcase> <!-- test003 -->
  <testcase classname="testng.module001" name="test002" time="0.0">
    <ignored/>
  </testcase> <!-- test002 -->
</testsuite> <!-- Default test -->
