<?xml version="1.0" encoding="UTF-8"?>
<!-- Generated by org.testng.reporters.JUnitXMLReporter -->
<testsuite ignored="0" hostname="DESKTOP-82OM217" failures="0" tests="6" name="Test" time="0.377" errors="0" timestamp="2024-10-03T11:02:41 GMT-07:00">
  <testcase classname="testngpractice.module001" name="test001" time="0.029"/>
  <testcase classname="testngpractice.module001" name="test002" time="0.004"/>
  <testcase classname="testngpractice.module001" name="test003" time="0.016"/>
  <testcase classname="testngpractice.module002" name="test001" time="0.007"/>
  <testcase classname="testngpractice.module002" name="test002" time="0.004"/>
  <testcase classname="testngpractice.module002" name="test003" time="0.015"/>
</testsuite> <!-- Test -->
