<?xml version="1.0" encoding="UTF-8"?>
<testng-results ignored="0" total="12" passed="12" failed="0" skipped="0">
  <reporter-output>
  </reporter-output>
  <suite started-at="2024-10-03T17:28:30 GMT-07:00" name="Suite" finished-at="2024-10-03T17:28:30 GMT-07:00" duration-ms="115">
    <groups>
      <group name="Pef">
        <method signature="module002.test003()[pri:0, instance:testngpractice.module002@7fee8714]" name="test003" class="testngpractice.module002"/>
      </group> <!-- Pef -->
      <group name="Regression">
        <method signature="module002.test002()[pri:0, instance:testngpractice.module002@7fee8714]" name="test002" class="testngpractice.module002"/>
      </group> <!-- Regression -->
      <group name="smoke">
        <method signature="module002.test001()[pri:0, instance:testngpractice.module002@7fee8714]" name="test001" class="testngpractice.module002"/>
      </group> <!-- smoke -->
      <group name="sanity">
        <method signature="module002.test001()[pri:0, instance:testngpractice.module002@7fee8714]" name="test001" class="testngpractice.module002"/>
        <method signature="module002.test002()[pri:0, instance:testngpractice.module002@7fee8714]" name="test002" class="testngpractice.module002"/>
      </group> <!-- sanity -->
    </groups>
    <test started-at="2024-10-03T17:28:30 GMT-07:00" name="Test" finished-at="2024-10-03T17:28:30 GMT-07:00" duration-ms="115">
      <class name="testngpractice.module002">
        <test-method is-config="true" signature="beforeSuite()[pri:0, instance:testngpractice.module002@7fee8714]" started-at="2024-10-03T17:28:30 GMT-07:00" name="beforeSuite" finished-at="2024-10-03T17:28:30 GMT-07:00" duration-ms="24" status="PASS">
          <reporter-output>
          </reporter-output>
        </test-method> <!-- beforeSuite -->
        <test-method is-config="true" signature="beforeTest()[pri:0, instance:testngpractice.module002@7fee8714]" started-at="2024-10-03T17:28:30 GMT-07:00" name="beforeTest" finished-at="2024-10-03T17:28:30 GMT-07:00" duration-ms="1" status="PASS">
          <reporter-output>
          </reporter-output>
        </test-method> <!-- beforeTest -->
        <test-method is-config="true" signature="beforeClass()[pri:0, instance:testngpractice.module002@7fee8714]" started-at="2024-10-03T17:28:30 GMT-07:00" name="beforeClass" finished-at="2024-10-03T17:28:30 GMT-07:00" duration-ms="1" status="PASS">
          <reporter-output>
          </reporter-output>
        </test-method> <!-- beforeClass -->
        <test-method is-config="true" signature="beforeMethod()[pri:0, instance:testngpractice.module002@7fee8714]" started-at="2024-10-03T17:28:30 GMT-07:00" name="beforeMethod" finished-at="2024-10-03T17:28:30 GMT-07:00" duration-ms="0" status="PASS">
          <reporter-output>
          </reporter-output>
        </test-method> <!-- beforeMethod -->
        <test-method signature="test001()[pri:0, instance:testngpractice.module002@7fee8714]" started-at="2024-10-03T17:28:30 GMT-07:00" name="test001" finished-at="2024-10-03T17:28:30 GMT-07:00" duration-ms="1" status="PASS">
          <reporter-output>
          </reporter-output>
        </test-method> <!-- test001 -->
        <test-method is-config="true" signature="beforeMethod1()[pri:0, instance:testngpractice.module002@7fee8714]" started-at="2024-10-03T17:28:30 GMT-07:00" name="beforeMethod1" finished-at="2024-10-03T17:28:30 GMT-07:00" duration-ms="0" status="PASS">
          <reporter-output>
          </reporter-output>
        </test-method> <!-- beforeMethod1 -->
        <test-method is-config="true" signature="afterMethod()[pri:0, instance:testngpractice.module002@7fee8714]" started-at="2024-10-03T17:28:30 GMT-07:00" name="afterMethod" finished-at="2024-10-03T17:28:30 GMT-07:00" duration-ms="1" status="PASS">
          <reporter-output>
          </reporter-output>
        </test-method> <!-- afterMethod -->
        <test-method is-config="true" signature="beforeMethod()[pri:0, instance:testngpractice.module002@7fee8714]" started-at="2024-10-03T17:28:30 GMT-07:00" name="beforeMethod" finished-at="2024-10-03T17:28:30 GMT-07:00" duration-ms="1" status="PASS">
          <reporter-output>
          </reporter-output>
        </test-method> <!-- beforeMethod -->
        <test-method is-config="true" signature="beforeMethod1()[pri:0, instance:testngpractice.module002@7fee8714]" started-at="2024-10-03T17:28:30 GMT-07:00" name="beforeMethod1" finished-at="2024-10-03T17:28:30 GMT-07:00" duration-ms="1" status="PASS">
          <reporter-output>
          </reporter-output>
        </test-method> <!-- beforeMethod1 -->
        <test-method signature="test002()[pri:0, instance:testngpractice.module002@7fee8714]" started-at="2024-10-03T17:28:30 GMT-07:00" name="test002" finished-at="2024-10-03T17:28:30 GMT-07:00" duration-ms="0" status="PASS">
          <reporter-output>
          </reporter-output>
        </test-method> <!-- test002 -->
        <test-method is-config="true" signature="afterMethod()[pri:0, instance:testngpractice.module002@7fee8714]" started-at="2024-10-03T17:28:30 GMT-07:00" name="afterMethod" finished-at="2024-10-03T17:28:30 GMT-07:00" duration-ms="2" status="PASS">
          <reporter-output>
          </reporter-output>
        </test-method> <!-- afterMethod -->
        <test-method is-config="true" signature="beforeMethod()[pri:0, instance:testngpractice.module002@7fee8714]" started-at="2024-10-03T17:28:30 GMT-07:00" name="beforeMethod" finished-at="2024-10-03T17:28:30 GMT-07:00" duration-ms="2" status="PASS">
          <reporter-output>
          </reporter-output>
        </test-method> <!-- beforeMethod -->
        <test-method is-config="true" signature="beforeMethod1()[pri:0, instance:testngpractice.module002@7fee8714]" started-at="2024-10-03T17:28:30 GMT-07:00" name="beforeMethod1" finished-at="2024-10-03T17:28:30 GMT-07:00" duration-ms="0" status="PASS">
          <reporter-output>
          </reporter-output>
        </test-method> <!-- beforeMethod1 -->
        <test-method signature="test003()[pri:0, instance:testngpractice.module002@7fee8714]" started-at="2024-10-03T17:28:30 GMT-07:00" name="test003" finished-at="2024-10-03T17:28:30 GMT-07:00" duration-ms="0" status="PASS">
          <reporter-output>
          </reporter-output>
        </test-method> <!-- test003 -->
        <test-method is-config="true" signature="afterMethod()[pri:0, instance:testngpractice.module002@7fee8714]" started-at="2024-10-03T17:28:30 GMT-07:00" name="afterMethod" finished-at="2024-10-03T17:28:30 GMT-07:00" duration-ms="0" status="PASS">
          <reporter-output>
          </reporter-output>
        </test-method> <!-- afterMethod -->
        <test-method is-config="true" signature="afterClass()[pri:0, instance:testngpractice.module002@7fee8714]" started-at="2024-10-03T17:28:30 GMT-07:00" name="afterClass" finished-at="2024-10-03T17:28:30 GMT-07:00" duration-ms="0" status="PASS">
          <reporter-output>
          </reporter-output>
        </test-method> <!-- afterClass -->
        <test-method is-config="true" signature="afterTest()[pri:0, instance:testngpractice.module002@7fee8714]" started-at="2024-10-03T17:28:30 GMT-07:00" name="afterTest" finished-at="2024-10-03T17:28:30 GMT-07:00" duration-ms="0" status="PASS">
          <reporter-output>
          </reporter-output>
        </test-method> <!-- afterTest -->
        <test-method is-config="true" signature="afterSuite()[pri:0, instance:testngpractice.module002@7fee8714]" started-at="2024-10-03T17:28:30 GMT-07:00" name="afterSuite" finished-at="2024-10-03T17:28:30 GMT-07:00" duration-ms="4" status="PASS">
          <reporter-output>
          </reporter-output>
        </test-method> <!-- afterSuite -->
      </class> <!-- testngpractice.module002 -->
      <class name="testngpractice.module001">
        <test-method is-config="true" signature="beforeSuite()[pri:0, instance:testngpractice.module001@3bf9ce3e]" started-at="2024-10-03T17:28:30 GMT-07:00" name="beforeSuite" finished-at="2024-10-03T17:28:30 GMT-07:00" duration-ms="1" status="PASS">
          <reporter-output>
          </reporter-output>
        </test-method> <!-- beforeSuite -->
        <test-method is-config="true" signature="beforeTest()[pri:0, instance:testngpractice.module001@3bf9ce3e]" started-at="2024-10-03T17:28:30 GMT-07:00" name="beforeTest" finished-at="2024-10-03T17:28:30 GMT-07:00" duration-ms="0" status="PASS">
          <reporter-output>
          </reporter-output>
        </test-method> <!-- beforeTest -->
        <test-method is-config="true" signature="beforeClass()[pri:0, instance:testngpractice.module001@3bf9ce3e]" started-at="2024-10-03T17:28:30 GMT-07:00" name="beforeClass" finished-at="2024-10-03T17:28:30 GMT-07:00" duration-ms="1" status="PASS">
          <reporter-output>
          </reporter-output>
        </test-method> <!-- beforeClass -->
        <test-method is-config="true" signature="beforeMethod()[pri:0, instance:testngpractice.module001@3bf9ce3e]" started-at="2024-10-03T17:28:30 GMT-07:00" name="beforeMethod" finished-at="2024-10-03T17:28:30 GMT-07:00" duration-ms="1" status="PASS">
          <reporter-output>
          </reporter-output>
        </test-method> <!-- beforeMethod -->
        <test-method is-config="true" signature="beforeMethod1()[pri:0, instance:testngpractice.module001@3bf9ce3e]" started-at="2024-10-03T17:28:30 GMT-07:00" name="beforeMethod1" finished-at="2024-10-03T17:28:30 GMT-07:00" duration-ms="1" status="PASS">
          <reporter-output>
          </reporter-output>
        </test-method> <!-- beforeMethod1 -->
        <test-method signature="test001()[pri:0, instance:testngpractice.module001@3bf9ce3e]" started-at="2024-10-03T17:28:30 GMT-07:00" name="test001" finished-at="2024-10-03T17:28:30 GMT-07:00" duration-ms="4" status="PASS">
          <reporter-output>
          </reporter-output>
        </test-method> <!-- test001 -->
        <test-method is-config="true" signature="afterMethod()[pri:0, instance:testngpractice.module001@3bf9ce3e]" started-at="2024-10-03T17:28:30 GMT-07:00" name="afterMethod" finished-at="2024-10-03T17:28:30 GMT-07:00" duration-ms="1" status="PASS">
          <reporter-output>
          </reporter-output>
        </test-method> <!-- afterMethod -->
        <test-method is-config="true" signature="beforeMethod1()[pri:0, instance:testngpractice.module001@3bf9ce3e]" started-at="2024-10-03T17:28:30 GMT-07:00" name="beforeMethod1" finished-at="2024-10-03T17:28:30 GMT-07:00" duration-ms="1" status="PASS">
          <reporter-output>
          </reporter-output>
        </test-method> <!-- beforeMethod1 -->
        <test-method is-config="true" signature="beforeMethod()[pri:0, instance:testngpractice.module001@3bf9ce3e]" started-at="2024-10-03T17:28:30 GMT-07:00" name="beforeMethod" finished-at="2024-10-03T17:28:30 GMT-07:00" duration-ms="0" status="PASS">
          <reporter-output>
          </reporter-output>
        </test-method> <!-- beforeMethod -->
        <test-method signature="test002()[pri:0, instance:testngpractice.module001@3bf9ce3e]" started-at="2024-10-03T17:28:30 GMT-07:00" name="test002" finished-at="2024-10-03T17:28:30 GMT-07:00" duration-ms="0" status="PASS">
          <reporter-output>
          </reporter-output>
        </test-method> <!-- test002 -->
        <test-method is-config="true" signature="afterMethod()[pri:0, instance:testngpractice.module001@3bf9ce3e]" started-at="2024-10-03T17:28:30 GMT-07:00" name="afterMethod" finished-at="2024-10-03T17:28:30 GMT-07:00" duration-ms="0" status="PASS">
          <reporter-output>
          </reporter-output>
        </test-method> <!-- afterMethod -->
        <test-method is-config="true" signature="beforeMethod()[pri:0, instance:testngpractice.module001@3bf9ce3e]" started-at="2024-10-03T17:28:30 GMT-07:00" name="beforeMethod" finished-at="2024-10-03T17:28:30 GMT-07:00" duration-ms="1" status="PASS">
          <reporter-output>
          </reporter-output>
        </test-method> <!-- beforeMethod -->
        <test-method is-config="true" signature="beforeMethod1()[pri:0, instance:testngpractice.module001@3bf9ce3e]" started-at="2024-10-03T17:28:30 GMT-07:00" name="beforeMethod1" finished-at="2024-10-03T17:28:30 GMT-07:00" duration-ms="1" status="PASS">
          <reporter-output>
          </reporter-output>
        </test-method> <!-- beforeMethod1 -->
        <test-method signature="test003()[pri:0, instance:testngpractice.module001@3bf9ce3e]" started-at="2024-10-03T17:28:30 GMT-07:00" name="test003" finished-at="2024-10-03T17:28:30 GMT-07:00" duration-ms="1" status="PASS">
          <reporter-output>
          </reporter-output>
        </test-method> <!-- test003 -->
        <test-method is-config="true" signature="afterMethod()[pri:0, instance:testngpractice.module001@3bf9ce3e]" started-at="2024-10-03T17:28:30 GMT-07:00" name="afterMethod" finished-at="2024-10-03T17:28:30 GMT-07:00" duration-ms="0" status="PASS">
          <reporter-output>
          </reporter-output>
        </test-method> <!-- afterMethod -->
        <test-method is-config="true" signature="afterClass()[pri:0, instance:testngpractice.module001@3bf9ce3e]" started-at="2024-10-03T17:28:30 GMT-07:00" name="afterClass" finished-at="2024-10-03T17:28:30 GMT-07:00" duration-ms="0" status="PASS">
          <reporter-output>
          </reporter-output>
        </test-method> <!-- afterClass -->
        <test-method is-config="true" signature="afterTest()[pri:0, instance:testngpractice.module001@3bf9ce3e]" started-at="2024-10-03T17:28:30 GMT-07:00" name="afterTest" finished-at="2024-10-03T17:28:30 GMT-07:00" duration-ms="1" status="PASS">
          <reporter-output>
          </reporter-output>
        </test-method> <!-- afterTest -->
        <test-method is-config="true" signature="afterSuite()[pri:0, instance:testngpractice.module001@3bf9ce3e]" started-at="2024-10-03T17:28:30 GMT-07:00" name="afterSuite" finished-at="2024-10-03T17:28:30 GMT-07:00" duration-ms="3" status="PASS">
          <reporter-output>
          </reporter-output>
        </test-method> <!-- afterSuite -->
      </class> <!-- testngpractice.module001 -->
    </test> <!-- Test -->
  </suite> <!-- Suite -->
  <suite started-at="2024-10-03T17:28:30 GMT-07:00" name="Suite (0)" finished-at="2024-10-03T17:28:30 GMT-07:00" duration-ms="65">
    <groups>
      <group name="Pef">
        <method signature="module002.test003()[pri:0, instance:testngpractice.module002@3a44431a]" name="test003" class="testngpractice.module002"/>
      </group> <!-- Pef -->
      <group name="Regression">
        <method signature="module002.test002()[pri:0, instance:testngpractice.module002@3a44431a]" name="test002" class="testngpractice.module002"/>
      </group> <!-- Regression -->
      <group name="smoke">
        <method signature="module002.test001()[pri:0, instance:testngpractice.module002@3a44431a]" name="test001" class="testngpractice.module002"/>
      </group> <!-- smoke -->
      <group name="sanity">
        <method signature="module002.test001()[pri:0, instance:testngpractice.module002@3a44431a]" name="test001" class="testngpractice.module002"/>
        <method signature="module002.test002()[pri:0, instance:testngpractice.module002@3a44431a]" name="test002" class="testngpractice.module002"/>
      </group> <!-- sanity -->
    </groups>
    <test started-at="2024-10-03T17:28:30 GMT-07:00" name="Test" finished-at="2024-10-03T17:28:30 GMT-07:00" duration-ms="65">
      <class name="testngpractice.module002">
        <test-method is-config="true" signature="beforeSuite()[pri:0, instance:testngpractice.module002@3a44431a]" started-at="2024-10-03T17:28:30 GMT-07:00" name="beforeSuite" finished-at="2024-10-03T17:28:30 GMT-07:00" duration-ms="3" status="PASS">
          <reporter-output>
          </reporter-output>
        </test-method> <!-- beforeSuite -->
        <test-method is-config="true" signature="beforeTest()[pri:0, instance:testngpractice.module002@3a44431a]" started-at="2024-10-03T17:28:30 GMT-07:00" name="beforeTest" finished-at="2024-10-03T17:28:30 GMT-07:00" duration-ms="2" status="PASS">
          <reporter-output>
          </reporter-output>
        </test-method> <!-- beforeTest -->
        <test-method is-config="true" signature="beforeClass()[pri:0, instance:testngpractice.module002@3a44431a]" started-at="2024-10-03T17:28:30 GMT-07:00" name="beforeClass" finished-at="2024-10-03T17:28:30 GMT-07:00" duration-ms="1" status="PASS">
          <reporter-output>
          </reporter-output>
        </test-method> <!-- beforeClass -->
        <test-method is-config="true" signature="beforeMethod()[pri:0, instance:testngpractice.module002@3a44431a]" started-at="2024-10-03T17:28:30 GMT-07:00" name="beforeMethod" finished-at="2024-10-03T17:28:30 GMT-07:00" duration-ms="1" status="PASS">
          <reporter-output>
          </reporter-output>
        </test-method> <!-- beforeMethod -->
        <test-method is-config="true" signature="beforeMethod1()[pri:0, instance:testngpractice.module002@3a44431a]" started-at="2024-10-03T17:28:30 GMT-07:00" name="beforeMethod1" finished-at="2024-10-03T17:28:30 GMT-07:00" duration-ms="1" status="PASS">
          <reporter-output>
          </reporter-output>
        </test-method> <!-- beforeMethod1 -->
        <test-method signature="test001()[pri:0, instance:testngpractice.module002@3a44431a]" started-at="2024-10-03T17:28:30 GMT-07:00" name="test001" finished-at="2024-10-03T17:28:30 GMT-07:00" duration-ms="0" status="PASS">
          <reporter-output>
          </reporter-output>
        </test-method> <!-- test001 -->
        <test-method is-config="true" signature="afterMethod()[pri:0, instance:testngpractice.module002@3a44431a]" started-at="2024-10-03T17:28:30 GMT-07:00" name="afterMethod" finished-at="2024-10-03T17:28:30 GMT-07:00" duration-ms="1" status="PASS">
          <reporter-output>
          </reporter-output>
        </test-method> <!-- afterMethod -->
        <test-method is-config="true" signature="beforeMethod()[pri:0, instance:testngpractice.module002@3a44431a]" started-at="2024-10-03T17:28:30 GMT-07:00" name="beforeMethod" finished-at="2024-10-03T17:28:30 GMT-07:00" duration-ms="1" status="PASS">
          <reporter-output>
          </reporter-output>
        </test-method> <!-- beforeMethod -->
        <test-method is-config="true" signature="beforeMethod1()[pri:0, instance:testngpractice.module002@3a44431a]" started-at="2024-10-03T17:28:30 GMT-07:00" name="beforeMethod1" finished-at="2024-10-03T17:28:30 GMT-07:00" duration-ms="1" status="PASS">
          <reporter-output>
          </reporter-output>
        </test-method> <!-- beforeMethod1 -->
        <test-method signature="test002()[pri:0, instance:testngpractice.module002@3a44431a]" started-at="2024-10-03T17:28:30 GMT-07:00" name="test002" finished-at="2024-10-03T17:28:30 GMT-07:00" duration-ms="1" status="PASS">
          <reporter-output>
          </reporter-output>
        </test-method> <!-- test002 -->
        <test-method is-config="true" signature="afterMethod()[pri:0, instance:testngpractice.module002@3a44431a]" started-at="2024-10-03T17:28:30 GMT-07:00" name="afterMethod" finished-at="2024-10-03T17:28:30 GMT-07:00" duration-ms="1" status="PASS">
          <reporter-output>
          </reporter-output>
        </test-method> <!-- afterMethod -->
        <test-method is-config="true" signature="beforeMethod()[pri:0, instance:testngpractice.module002@3a44431a]" started-at="2024-10-03T17:28:30 GMT-07:00" name="beforeMethod" finished-at="2024-10-03T17:28:30 GMT-07:00" duration-ms="1" status="PASS">
          <reporter-output>
          </reporter-output>
        </test-method> <!-- beforeMethod -->
        <test-method is-config="true" signature="beforeMethod1()[pri:0, instance:testngpractice.module002@3a44431a]" started-at="2024-10-03T17:28:30 GMT-07:00" name="beforeMethod1" finished-at="2024-10-03T17:28:30 GMT-07:00" duration-ms="0" status="PASS">
          <reporter-output>
          </reporter-output>
        </test-method> <!-- beforeMethod1 -->
        <test-method signature="test003()[pri:0, instance:testngpractice.module002@3a44431a]" started-at="2024-10-03T17:28:30 GMT-07:00" name="test003" finished-at="2024-10-03T17:28:30 GMT-07:00" duration-ms="0" status="PASS">
          <reporter-output>
          </reporter-output>
        </test-method> <!-- test003 -->
        <test-method is-config="true" signature="afterMethod()[pri:0, instance:testngpractice.module002@3a44431a]" started-at="2024-10-03T17:28:30 GMT-07:00" name="afterMethod" finished-at="2024-10-03T17:28:30 GMT-07:00" duration-ms="1" status="PASS">
          <reporter-output>
          </reporter-output>
        </test-method> <!-- afterMethod -->
        <test-method is-config="true" signature="afterClass()[pri:0, instance:testngpractice.module002@3a44431a]" started-at="2024-10-03T17:28:30 GMT-07:00" name="afterClass" finished-at="2024-10-03T17:28:30 GMT-07:00" duration-ms="1" status="PASS">
          <reporter-output>
          </reporter-output>
        </test-method> <!-- afterClass -->
        <test-method is-config="true" signature="afterTest()[pri:0, instance:testngpractice.module002@3a44431a]" started-at="2024-10-03T17:28:30 GMT-07:00" name="afterTest" finished-at="2024-10-03T17:28:30 GMT-07:00" duration-ms="0" status="PASS">
          <reporter-output>
          </reporter-output>
        </test-method> <!-- afterTest -->
        <test-method is-config="true" signature="afterSuite()[pri:0, instance:testngpractice.module002@3a44431a]" started-at="2024-10-03T17:28:30 GMT-07:00" name="afterSuite" finished-at="2024-10-03T17:28:30 GMT-07:00" duration-ms="0" status="PASS">
          <reporter-output>
          </reporter-output>
        </test-method> <!-- afterSuite -->
      </class> <!-- testngpractice.module002 -->
      <class name="testngpractice.module001">
        <test-method is-config="true" signature="beforeSuite()[pri:0, instance:testngpractice.module001@2ea41516]" started-at="2024-10-03T17:28:30 GMT-07:00" name="beforeSuite" finished-at="2024-10-03T17:28:30 GMT-07:00" duration-ms="2" status="PASS">
          <reporter-output>
          </reporter-output>
        </test-method> <!-- beforeSuite -->
        <test-method is-config="true" signature="beforeTest()[pri:0, instance:testngpractice.module001@2ea41516]" started-at="2024-10-03T17:28:30 GMT-07:00" name="beforeTest" finished-at="2024-10-03T17:28:30 GMT-07:00" duration-ms="2" status="PASS">
          <reporter-output>
          </reporter-output>
        </test-method> <!-- beforeTest -->
        <test-method is-config="true" signature="beforeClass()[pri:0, instance:testngpractice.module001@2ea41516]" started-at="2024-10-03T17:28:30 GMT-07:00" name="beforeClass" finished-at="2024-10-03T17:28:30 GMT-07:00" duration-ms="1" status="PASS">
          <reporter-output>
          </reporter-output>
        </test-method> <!-- beforeClass -->
        <test-method is-config="true" signature="beforeMethod()[pri:0, instance:testngpractice.module001@2ea41516]" started-at="2024-10-03T17:28:30 GMT-07:00" name="beforeMethod" finished-at="2024-10-03T17:28:30 GMT-07:00" duration-ms="0" status="PASS">
          <reporter-output>
          </reporter-output>
        </test-method> <!-- beforeMethod -->
        <test-method is-config="true" signature="beforeMethod1()[pri:0, instance:testngpractice.module001@2ea41516]" started-at="2024-10-03T17:28:30 GMT-07:00" name="beforeMethod1" finished-at="2024-10-03T17:28:30 GMT-07:00" duration-ms="1" status="PASS">
          <reporter-output>
          </reporter-output>
        </test-method> <!-- beforeMethod1 -->
        <test-method signature="test001()[pri:0, instance:testngpractice.module001@2ea41516]" started-at="2024-10-03T17:28:30 GMT-07:00" name="test001" finished-at="2024-10-03T17:28:30 GMT-07:00" duration-ms="1" status="PASS">
          <reporter-output>
          </reporter-output>
        </test-method> <!-- test001 -->
        <test-method is-config="true" signature="afterMethod()[pri:0, instance:testngpractice.module001@2ea41516]" started-at="2024-10-03T17:28:30 GMT-07:00" name="afterMethod" finished-at="2024-10-03T17:28:30 GMT-07:00" duration-ms="3" status="PASS">
          <reporter-output>
          </reporter-output>
        </test-method> <!-- afterMethod -->
        <test-method is-config="true" signature="beforeMethod()[pri:0, instance:testngpractice.module001@2ea41516]" started-at="2024-10-03T17:28:30 GMT-07:00" name="beforeMethod" finished-at="2024-10-03T17:28:30 GMT-07:00" duration-ms="2" status="PASS">
          <reporter-output>
          </reporter-output>
        </test-method> <!-- beforeMethod -->
        <test-method is-config="true" signature="beforeMethod1()[pri:0, instance:testngpractice.module001@2ea41516]" started-at="2024-10-03T17:28:30 GMT-07:00" name="beforeMethod1" finished-at="2024-10-03T17:28:30 GMT-07:00" duration-ms="2" status="PASS">
          <reporter-output>
          </reporter-output>
        </test-method> <!-- beforeMethod1 -->
        <test-method signature="test002()[pri:0, instance:testngpractice.module001@2ea41516]" started-at="2024-10-03T17:28:30 GMT-07:00" name="test002" finished-at="2024-10-03T17:28:30 GMT-07:00" duration-ms="3" status="PASS">
          <reporter-output>
          </reporter-output>
        </test-method> <!-- test002 -->
        <test-method is-config="true" signature="afterMethod()[pri:0, instance:testngpractice.module001@2ea41516]" started-at="2024-10-03T17:28:30 GMT-07:00" name="afterMethod" finished-at="2024-10-03T17:28:30 GMT-07:00" duration-ms="2" status="PASS">
          <reporter-output>
          </reporter-output>
        </test-method> <!-- afterMethod -->
        <test-method is-config="true" signature="beforeMethod()[pri:0, instance:testngpractice.module001@2ea41516]" started-at="2024-10-03T17:28:30 GMT-07:00" name="beforeMethod" finished-at="2024-10-03T17:28:30 GMT-07:00" duration-ms="1" status="PASS">
          <reporter-output>
          </reporter-output>
        </test-method> <!-- beforeMethod -->
        <test-method is-config="true" signature="beforeMethod1()[pri:0, instance:testngpractice.module001@2ea41516]" started-at="2024-10-03T17:28:30 GMT-07:00" name="beforeMethod1" finished-at="2024-10-03T17:28:30 GMT-07:00" duration-ms="0" status="PASS">
          <reporter-output>
          </reporter-output>
        </test-method> <!-- beforeMethod1 -->
        <test-method signature="test003()[pri:0, instance:testngpractice.module001@2ea41516]" started-at="2024-10-03T17:28:30 GMT-07:00" name="test003" finished-at="2024-10-03T17:28:30 GMT-07:00" duration-ms="0" status="PASS">
          <reporter-output>
          </reporter-output>
        </test-method> <!-- test003 -->
        <test-method is-config="true" signature="afterMethod()[pri:0, instance:testngpractice.module001@2ea41516]" started-at="2024-10-03T17:28:30 GMT-07:00" name="afterMethod" finished-at="2024-10-03T17:28:30 GMT-07:00" duration-ms="1" status="PASS">
          <reporter-output>
          </reporter-output>
        </test-method> <!-- afterMethod -->
        <test-method is-config="true" signature="afterClass()[pri:0, instance:testngpractice.module001@2ea41516]" started-at="2024-10-03T17:28:30 GMT-07:00" name="afterClass" finished-at="2024-10-03T17:28:30 GMT-07:00" duration-ms="1" status="PASS">
          <reporter-output>
          </reporter-output>
        </test-method> <!-- afterClass -->
        <test-method is-config="true" signature="afterTest()[pri:0, instance:testngpractice.module001@2ea41516]" started-at="2024-10-03T17:28:30 GMT-07:00" name="afterTest" finished-at="2024-10-03T17:28:30 GMT-07:00" duration-ms="1" status="PASS">
          <reporter-output>
          </reporter-output>
        </test-method> <!-- afterTest -->
        <test-method is-config="true" signature="afterSuite()[pri:0, instance:testngpractice.module001@2ea41516]" started-at="2024-10-03T17:28:30 GMT-07:00" name="afterSuite" finished-at="2024-10-03T17:28:30 GMT-07:00" duration-ms="1" status="PASS">
          <reporter-output>
          </reporter-output>
        </test-method> <!-- afterSuite -->
      </class> <!-- testngpractice.module001 -->
    </test> <!-- Test -->
  </suite> <!-- Suite (0) -->
</testng-results>
