<?xml version="1.0" encoding="UTF-8"?>
<testng-results ignored="0" total="1" passed="1" failed="0" skipped="0">
  <reporter-output>
  </reporter-output>
  <suite started-at="2024-10-03T17:46:07 GMT-07:00" name="Default suite" finished-at="2024-10-03T17:46:08 GMT-07:00" duration-ms="832">
    <groups>
    </groups>
    <test started-at="2024-10-03T17:46:07 GMT-07:00" name="Default test" finished-at="2024-10-03T17:46:08 GMT-07:00" duration-ms="832">
      <class name="testng.module001">
        <test-method is-config="true" signature="beforeSuite()[pri:0, instance:testng.module001@31ea9581]" started-at="2024-10-03T17:46:07 GMT-07:00" name="beforeSuite" finished-at="2024-10-03T17:46:07 GMT-07:00" duration-ms="164" status="PASS">
          <reporter-output>
          </reporter-output>
        </test-method> <!-- beforeSuite -->
        <test-method is-config="true" signature="beforeTest()[pri:0, instance:testng.module001@31ea9581]" started-at="2024-10-03T17:46:07 GMT-07:00" name="beforeTest" finished-at="2024-10-03T17:46:07 GMT-07:00" duration-ms="12" status="PASS">
          <reporter-output>
          </reporter-output>
        </test-method> <!-- beforeTest -->
        <test-method is-config="true" signature="beforeClass()[pri:0, instance:testng.module001@31ea9581]" started-at="2024-10-03T17:46:07 GMT-07:00" name="beforeClass" finished-at="2024-10-03T17:46:07 GMT-07:00" duration-ms="2" status="PASS">
          <reporter-output>
          </reporter-output>
        </test-method> <!-- beforeClass -->
        <test-method is-config="true" signature="beforeMethod()[pri:0, instance:testng.module001@31ea9581]" started-at="2024-10-03T17:46:07 GMT-07:00" name="beforeMethod" finished-at="2024-10-03T17:46:07 GMT-07:00" duration-ms="5" status="PASS">
          <reporter-output>
          </reporter-output>
        </test-method> <!-- beforeMethod -->
        <test-method is-config="true" signature="beforeMethod1()[pri:0, instance:testng.module001@31ea9581]" started-at="2024-10-03T17:46:07 GMT-07:00" name="beforeMethod1" finished-at="2024-10-03T17:46:07 GMT-07:00" duration-ms="3" status="PASS">
          <reporter-output>
          </reporter-output>
        </test-method> <!-- beforeMethod1 -->
        <test-method signature="test001()[pri:0, instance:testng.module001@31ea9581]" started-at="2024-10-03T17:46:07 GMT-07:00" name="test001" finished-at="2024-10-03T17:46:08 GMT-07:00" duration-ms="83" status="PASS">
          <reporter-output>
          </reporter-output>
        </test-method> <!-- test001 -->
        <test-method is-config="true" signature="afterMethod()[pri:0, instance:testng.module001@31ea9581]" started-at="2024-10-03T17:46:08 GMT-07:00" name="afterMethod" finished-at="2024-10-03T17:46:08 GMT-07:00" duration-ms="3" status="PASS">
          <reporter-output>
          </reporter-output>
        </test-method> <!-- afterMethod -->
        <test-method is-config="true" signature="afterClass()[pri:0, instance:testng.module001@31ea9581]" started-at="2024-10-03T17:46:08 GMT-07:00" name="afterClass" finished-at="2024-10-03T17:46:08 GMT-07:00" duration-ms="30" status="PASS">
          <reporter-output>
          </reporter-output>
        </test-method> <!-- afterClass -->
        <test-method is-config="true" signature="afterTest()[pri:0, instance:testng.module001@31ea9581]" started-at="2024-10-03T17:46:08 GMT-07:00" name="afterTest" finished-at="2024-10-03T17:46:08 GMT-07:00" duration-ms="2" status="PASS">
          <reporter-output>
          </reporter-output>
        </test-method> <!-- afterTest -->
        <test-method is-config="true" signature="afterSuite()[pri:0, instance:testng.module001@31ea9581]" started-at="2024-10-03T17:46:10 GMT-07:00" name="afterSuite" finished-at="2024-10-03T17:46:10 GMT-07:00" duration-ms="10" status="PASS">
          <reporter-output>
          </reporter-output>
        </test-method> <!-- afterSuite -->
      </class> <!-- testng.module001 -->
    </test> <!-- Default test -->
  </suite> <!-- Default suite -->
</testng-results>
